2019-04-29T13:14:36.097248-04:00 - [root] warn
2019-04-29T13:17:09.283946-04:00 - [root] warn
2019-04-29T13:17:20.718706-04:00 - [root] warn
2019-04-29T13:17:55.300141-04:00 - [root] warn
2019-04-29T13:17:55.300298-04:00 - [root] info
2019-04-29T13:17:55.300415-04:00 - [root] debug
2019-04-29T13:17:55.306055-04:00 - Using input directory: /Users/ofg/Desktop/Notes/
2019-04-29T13:17:55.306215-04:00 - Using output directory: /Users/ofg/Desktop/Reproc/
2019-04-29T13:17:55.306348-04:00 - Using input file variable list: /Users/ofg/Desktop/report.pdf
2019-04-29T13:17:55.306503-04:00 - Using input file name list: /Users/ofg/Desktop/nco.pdf
2019-04-29T13:43:13.903341-04:00 - [root] warn
2019-04-29T13:43:13.920108-04:00 - [root] info
2019-04-29T13:43:13.920215-04:00 - [root] debug
2019-04-29T13:43:13.949270-04:00 - Using input directory: /Users/ofg/Desktop/Notes/
2019-04-29T13:43:13.949391-04:00 - Using output directory: /Users/ofg/Desktop/Reproc/
2019-04-29T13:43:13.949481-04:00 - Using input file variable list: /Users/ofg/Desktop/report.pdf
2019-04-29T13:43:13.949569-04:00 - Using input file name list: /Users/ofg/Desktop/nco.pdf
2019-04-29T14:04:48.458036-04:00 - [root] warn
2019-04-29T14:04:48.458450-04:00 - [root] info
2019-04-29T14:04:48.458573-04:00 - [root] debug
2019-04-29T14:04:48.481401-04:00 - Using input directory: /Users/ofg/Desktop/Notes/
2019-04-29T14:04:48.481524-04:00 - Using output directory: /Users/ofg/Desktop/Reproc/
2019-04-29T14:04:48.481618-04:00 - Using input file variable list: /Users/ofg/Desktop/report.pdf
2019-04-29T14:04:48.481712-04:00 - Using input file name list: /Users/ofg/Desktop/nco.pdf
2019-04-29T14:06:04.806790-04:00 - [root] warn
2019-04-29T14:06:04.807230-04:00 - [root] info
2019-04-29T14:06:04.807317-04:00 - [root] debug
2019-04-29T14:23:10.747388-04:00 - Using input directory: /Users/ofg/Desktop/Notes/
2019-04-29T14:23:10.747848-04:00 - Using output directory: /Users/ofg/Desktop/Reproc/
2019-04-29T14:23:10.747964-04:00 - Using input file variable list: /Users/ofg/Desktop/report.pdf
2019-04-29T14:23:10.748073-04:00 - Using input file name list: /Users/ofg/Desktop/nco.pdf
2019-04-29T14:28:27.302564-04:00 - Using input directory: /Users/ofg/Desktop/Notes/
2019-04-29T14:28:27.302711-04:00 - Using output directory: /Users/ofg/Desktop/Reproc/
2019-04-29T14:28:27.302839-04:00 - Using input file variable list: /Users/ofg/Desktop/report.pdf
2019-04-29T14:28:27.302948-04:00 - Using input file name list: /Users/ofg/Desktop/nco.pdf
